INFO       - 2025-03-06 20:42:32,086 - dbaccess       : Inserting/updating guild: 504065935724773376, 373238356160544770
INFO       - 2025-03-06 20:42:32,126 - dbaccess       : Inserting/updating guild: 891998653550579732, 585548631268917254
INFO       - 2025-03-06 20:42:32,140 - dbaccess       : Inserting/updating guild: 1315670125621284929, 352491139863150593
INFO       - 2025-03-06 20:42:32,153 - dbaccess       : Inserting/updating queue: GuildId=1315670125621284929, RootGuild=1315670125621284929, QueueName=Commander 6P, QueueId=1, QueueType=Magic The Gathering, QueueMin=6, QueueMax=6, IsGlobal=True, GlobalID=336811552159048941825
INFO       - 2025-03-06 20:42:32,165 - dbaccess       : Inserting/updating guild: 1345577493016481863, 1345572800290885653
INFO       - 2025-03-06 20:42:32,178 - dbaccess       : Inserting/updating guild: 1347202728052654100, 1263162682735988852
INFO       - 2025-03-06 20:42:32,189 - dbaccess       : Inserting/updating queue: GuildId=1347202728052654100, RootGuild=1347202728052654100, QueueName=test, QueueId=0, QueueType=topgg, QueueMin=2, QueueMax=2, IsGlobal=False, GlobalID=None
INFO       - 2025-03-06 20:42:32,202 - dbaccess       : Inserting/updating guild: 1322483472102723625, 1316897046669561950
INFO       - 2025-03-06 20:42:32,215 - dbaccess       : Inserting/updating queue: GuildId=1322483472102723625, RootGuild=1322483472102723625, QueueName=Rust Trios, QueueId=0, QueueType=Rust, QueueMin=3, QueueMax=3, IsGlobal=False, GlobalID=None
INFO       - 2025-03-06 20:42:32,240 - dbaccess       : Transaction committed successfully.
WARNING    - 2025-03-06 20:42:32,241 - dbaccess       : Database connection closed.
INFO       - 2025-03-06 20:52:32,368 - dbaccess       : Inserting/updating guild: 504065935724773376, 373238356160544770
INFO       - 2025-03-06 20:52:32,422 - dbaccess       : Inserting/updating guild: 891998653550579732, 585548631268917254
INFO       - 2025-03-06 20:52:32,437 - dbaccess       : Inserting/updating guild: 1315670125621284929, 352491139863150593
INFO       - 2025-03-06 20:52:32,449 - dbaccess       : Inserting/updating queue: GuildId=1315670125621284929, RootGuild=1315670125621284929, QueueName=Commander 6P, QueueId=1, QueueType=Magic The Gathering, QueueMin=6, QueueMax=6, IsGlobal=True, GlobalID=336811552159048941825
INFO       - 2025-03-06 20:52:32,462 - dbaccess       : Inserting/updating guild: 1345577493016481863, 1345572800290885653
INFO       - 2025-03-06 20:52:32,474 - dbaccess       : Inserting/updating guild: 1347202728052654100, 1263162682735988852
INFO       - 2025-03-06 20:52:32,485 - dbaccess       : Inserting/updating queue: GuildId=1347202728052654100, RootGuild=1347202728052654100, QueueName=test, QueueId=0, QueueType=topgg, QueueMin=2, QueueMax=2, IsGlobal=False, GlobalID=None
INFO       - 2025-03-06 20:52:32,498 - dbaccess       : Inserting/updating guild: 1322483472102723625, 1316897046669561950
INFO       - 2025-03-06 20:52:32,509 - dbaccess       : Inserting/updating queue: GuildId=1322483472102723625, RootGuild=1322483472102723625, QueueName=Rust Trios, QueueId=0, QueueType=Rust, QueueMin=3, QueueMax=3, IsGlobal=False, GlobalID=None
INFO       - 2025-03-06 20:52:32,550 - dbaccess       : Transaction committed successfully.
WARNING    - 2025-03-06 20:52:32,551 - dbaccess       : Database connection closed.
INFO       - 2025-03-06 21:02:32,672 - dbaccess       : Inserting/updating guild: 504065935724773376, 373238356160544770
INFO       - 2025-03-06 21:02:32,719 - dbaccess       : Inserting/updating guild: 891998653550579732, 585548631268917254
INFO       - 2025-03-06 21:02:32,731 - dbaccess       : Inserting/updating guild: 1315670125621284929, 352491139863150593
INFO       - 2025-03-06 21:02:32,743 - dbaccess       : Inserting/updating queue: GuildId=1315670125621284929, RootGuild=1315670125621284929, QueueName=Commander 6P, QueueId=1, QueueType=Magic The Gathering, QueueMin=6, QueueMax=6, IsGlobal=True, GlobalID=336811552159048941825
INFO       - 2025-03-06 21:02:32,756 - dbaccess       : Inserting/updating guild: 1345577493016481863, 1345572800290885653
INFO       - 2025-03-06 21:02:32,768 - dbaccess       : Inserting/updating guild: 1347202728052654100, 1263162682735988852
INFO       - 2025-03-06 21:02:32,780 - dbaccess       : Inserting/updating queue: GuildId=1347202728052654100, RootGuild=1347202728052654100, QueueName=test, QueueId=0, QueueType=topgg, QueueMin=2, QueueMax=2, IsGlobal=False, GlobalID=None
INFO       - 2025-03-06 21:02:32,792 - dbaccess       : Inserting/updating guild: 1322483472102723625, 1316897046669561950
INFO       - 2025-03-06 21:02:32,804 - dbaccess       : Inserting/updating queue: GuildId=1322483472102723625, RootGuild=1322483472102723625, QueueName=Rust Trios, QueueId=0, QueueType=Rust, QueueMin=3, QueueMax=3, IsGlobal=False, GlobalID=None
INFO       - 2025-03-06 21:02:32,828 - dbaccess       : Transaction committed successfully.
WARNING    - 2025-03-06 21:02:32,828 - dbaccess       : Database connection closed.
INFO       - 2025-03-06 21:12:32,954 - dbaccess       : Inserting/updating guild: 504065935724773376, 373238356160544770
INFO       - 2025-03-06 21:12:32,989 - dbaccess       : Inserting/updating guild: 891998653550579732, 585548631268917254
INFO       - 2025-03-06 21:12:33,001 - dbaccess       : Inserting/updating guild: 1315670125621284929, 352491139863150593
INFO       - 2025-03-06 21:12:33,014 - dbaccess       : Inserting/updating queue: GuildId=1315670125621284929, RootGuild=1315670125621284929, QueueName=Commander 6P, QueueId=1, QueueType=Magic The Gathering, QueueMin=6, QueueMax=6, IsGlobal=True, GlobalID=336811552159048941825
INFO       - 2025-03-06 21:12:33,026 - dbaccess       : Inserting/updating guild: 1345577493016481863, 1345572800290885653
INFO       - 2025-03-06 21:12:33,038 - dbaccess       : Inserting/updating guild: 1347202728052654100, 1263162682735988852
INFO       - 2025-03-06 21:12:33,050 - dbaccess       : Inserting/updating queue: GuildId=1347202728052654100, RootGuild=1347202728052654100, QueueName=test, QueueId=0, QueueType=topgg, QueueMin=2, QueueMax=2, IsGlobal=False, GlobalID=None
INFO       - 2025-03-06 21:12:33,063 - dbaccess       : Inserting/updating guild: 1322483472102723625, 1316897046669561950
INFO       - 2025-03-06 21:12:33,075 - dbaccess       : Inserting/updating queue: GuildId=1322483472102723625, RootGuild=1322483472102723625, QueueName=Rust Trios, QueueId=0, QueueType=Rust, QueueMin=3, QueueMax=3, IsGlobal=False, GlobalID=None
INFO       - 2025-03-06 21:12:33,099 - dbaccess       : Transaction committed successfully.
WARNING    - 2025-03-06 21:12:33,100 - dbaccess       : Database connection closed.
INFO       - 2025-03-06 21:22:33,235 - dbaccess       : Inserting/updating guild: 504065935724773376, 373238356160544770
INFO       - 2025-03-06 21:22:33,271 - dbaccess       : Inserting/updating guild: 891998653550579732, 585548631268917254
INFO       - 2025-03-06 21:22:33,283 - dbaccess       : Inserting/updating guild: 1315670125621284929, 352491139863150593
INFO       - 2025-03-06 21:22:33,295 - dbaccess       : Inserting/updating queue: GuildId=1315670125621284929, RootGuild=1315670125621284929, QueueName=Commander 6P, QueueId=1, QueueType=Magic The Gathering, QueueMin=6, QueueMax=6, IsGlobal=True, GlobalID=336811552159048941825
INFO       - 2025-03-06 21:22:33,307 - dbaccess       : Inserting/updating guild: 1345577493016481863, 1345572800290885653
INFO       - 2025-03-06 21:22:33,319 - dbaccess       : Inserting/updating guild: 1347202728052654100, 1263162682735988852
INFO       - 2025-03-06 21:22:33,331 - dbaccess       : Inserting/updating queue: GuildId=1347202728052654100, RootGuild=1347202728052654100, QueueName=test, QueueId=0, QueueType=topgg, QueueMin=2, QueueMax=2, IsGlobal=False, GlobalID=None
INFO       - 2025-03-06 21:22:33,343 - dbaccess       : Inserting/updating guild: 1322483472102723625, 1316897046669561950
INFO       - 2025-03-06 21:22:33,355 - dbaccess       : Inserting/updating queue: GuildId=1322483472102723625, RootGuild=1322483472102723625, QueueName=Rust Trios, QueueId=0, QueueType=Rust, QueueMin=3, QueueMax=3, IsGlobal=False, GlobalID=None
INFO       - 2025-03-06 21:22:33,380 - dbaccess       : Transaction committed successfully.
WARNING    - 2025-03-06 21:22:33,381 - dbaccess       : Database connection closed.
